2022-01-04 22:44:45.615 [main] INFO  LogbackdemoApplication - Starting LogbackdemoApplication using Java 1.8.0_301 on yingtao with PID 72424 (/Users/yingtaowang/Documents/个人/code/wyt/logbackdemo/target/classes started by yingtaowang in /Users/yingtaowang/Documents/个人/code/wyt/logbackdemo)
2022-01-04 22:44:45.617 [main] INFO  LogbackdemoApplication - No active profile set, falling back to default profiles: default
2022-01-04 22:44:46.322 [main] INFO  o.s.boot.web.embedded.tomcat.TomcatWebServer - Tomcat initialized with port(s): 8080 (http)
2022-01-04 22:44:46.331 [main] INFO  org.apache.coyote.http11.Http11NioProtocol - Initializing ProtocolHandler ["http-nio-8080"]
2022-01-04 22:44:46.332 [main] INFO  org.apache.catalina.core.StandardService - Starting service [Tomcat]
2022-01-04 22:44:46.332 [main] INFO  org.apache.catalina.core.StandardEngine - Starting Servlet engine: [Apache Tomcat/9.0.56]
2022-01-04 22:44:46.406 [main] INFO  o.a.c.core.ContainerBase.[Tomcat].[localhost].[/] - Initializing Spring embedded WebApplicationContext
2022-01-04 22:44:46.407 [main] INFO  o.s.b.w.s.c.ServletWebServerApplicationContext - Root WebApplicationContext: initialization completed in 750 ms
2022-01-04 22:44:46.672 [main] INFO  org.apache.coyote.http11.Http11NioProtocol - Starting ProtocolHandler ["http-nio-8080"]
2022-01-04 22:44:46.686 [main] INFO  org.apache.coyote.http11.Http11NioProtocol - Pausing ProtocolHandler ["http-nio-8080"]
2022-01-04 22:44:46.686 [main] INFO  org.apache.catalina.core.StandardService - Stopping service [Tomcat]
2022-01-04 22:44:46.690 [main] INFO  org.apache.coyote.http11.Http11NioProtocol - Stopping ProtocolHandler ["http-nio-8080"]
2022-01-04 22:44:46.690 [main] INFO  org.apache.coyote.http11.Http11NioProtocol - Destroying ProtocolHandler ["http-nio-8080"]
2022-01-04 22:44:46.697 [main] INFO  o.s.b.a.l.ConditionEvaluationReportLoggingListener - 

Error starting ApplicationContext. To display the conditions report re-run your application with 'debug' enabled.
2022-01-04 22:45:10.338 [main] INFO  LogbackdemoApplication - Starting LogbackdemoApplication using Java 1.8.0_301 on yingtao with PID 72427 (/Users/yingtaowang/Documents/个人/code/wyt/logbackdemo/target/classes started by yingtaowang in /Users/yingtaowang/Documents/个人/code/wyt/logbackdemo)
2022-01-04 22:45:10.340 [main] INFO  LogbackdemoApplication - No active profile set, falling back to default profiles: default
2022-01-04 22:45:11.000 [main] INFO  o.s.boot.web.embedded.tomcat.TomcatWebServer - Tomcat initialized with port(s): 9999 (http)
2022-01-04 22:45:11.008 [main] INFO  org.apache.coyote.http11.Http11NioProtocol - Initializing ProtocolHandler ["http-nio-9999"]
2022-01-04 22:45:11.009 [main] INFO  org.apache.catalina.core.StandardService - Starting service [Tomcat]
2022-01-04 22:45:11.009 [main] INFO  org.apache.catalina.core.StandardEngine - Starting Servlet engine: [Apache Tomcat/9.0.56]
2022-01-04 22:45:11.057 [main] INFO  o.a.c.core.ContainerBase.[Tomcat].[localhost].[/] - Initializing Spring embedded WebApplicationContext
2022-01-04 22:45:11.058 [main] INFO  o.s.b.w.s.c.ServletWebServerApplicationContext - Root WebApplicationContext: initialization completed in 679 ms
2022-01-04 22:45:11.280 [main] INFO  org.apache.coyote.http11.Http11NioProtocol - Starting ProtocolHandler ["http-nio-9999"]
2022-01-04 22:45:11.299 [main] INFO  o.s.boot.web.embedded.tomcat.TomcatWebServer - Tomcat started on port(s): 9999 (http) with context path ''
2022-01-04 22:45:11.308 [main] INFO  LogbackdemoApplication - Started LogbackdemoApplication in 1.377 seconds (JVM running for 1.817)
2022-01-04 22:45:38.812 [http-nio-9999-exec-1] INFO  o.a.c.core.ContainerBase.[Tomcat].[localhost].[/] - Initializing Spring DispatcherServlet 'dispatcherServlet'
2022-01-04 22:45:38.812 [http-nio-9999-exec-1] INFO  org.springframework.web.servlet.DispatcherServlet - Initializing Servlet 'dispatcherServlet'
2022-01-04 22:45:38.813 [http-nio-9999-exec-1] INFO  org.springframework.web.servlet.DispatcherServlet - Completed initialization in 1 ms
2022-01-04 22:46:19.338 [http-nio-9999-exec-3] INFO  LogbackdemoApplication - logback整合成功了
2022-01-04 22:47:03.000 [main] INFO  LogbackdemoApplication - Starting LogbackdemoApplication using Java 1.8.0_301 on yingtao with PID 72444 (/Users/yingtaowang/Documents/个人/code/wyt/logbackdemo/target/classes started by yingtaowang in /Users/yingtaowang/Documents/个人/code/wyt/logbackdemo)
2022-01-04 22:47:03.003 [main] INFO  LogbackdemoApplication - No active profile set, falling back to default profiles: default
2022-01-04 22:47:03.630 [main] INFO  o.s.boot.web.embedded.tomcat.TomcatWebServer - Tomcat initialized with port(s): 9999 (http)
2022-01-04 22:47:03.636 [main] INFO  org.apache.coyote.http11.Http11NioProtocol - Initializing ProtocolHandler ["http-nio-9999"]
2022-01-04 22:47:03.637 [main] INFO  org.apache.catalina.core.StandardService - Starting service [Tomcat]
2022-01-04 22:47:03.637 [main] INFO  org.apache.catalina.core.StandardEngine - Starting Servlet engine: [Apache Tomcat/9.0.56]
2022-01-04 22:47:03.684 [main] INFO  o.a.c.core.ContainerBase.[Tomcat].[localhost].[/] - Initializing Spring embedded WebApplicationContext
2022-01-04 22:47:03.684 [main] INFO  o.s.b.w.s.c.ServletWebServerApplicationContext - Root WebApplicationContext: initialization completed in 639 ms
2022-01-04 22:47:03.909 [main] INFO  org.apache.coyote.http11.Http11NioProtocol - Starting ProtocolHandler ["http-nio-9999"]
2022-01-04 22:47:03.927 [main] INFO  o.s.boot.web.embedded.tomcat.TomcatWebServer - Tomcat started on port(s): 9999 (http) with context path ''
2022-01-04 22:47:03.935 [main] INFO  LogbackdemoApplication - Started LogbackdemoApplication in 1.358 seconds (JVM running for 1.831)
