2022-01-16 16:46:07.361 [main] INFO  com.LogbackdemoApplication - Starting com.LogbackdemoApplication using Java 1.8.0_301 on yingtao with PID 10237 (/Users/yingtaowang/Documents/个人/code/wyt/logbackdemo/target/classes started by yingtaowang in /Users/yingtaowang/Documents/个人/code/wyt/logbackdemo)
2022-01-16 16:46:07.364 [main] INFO  com.LogbackdemoApplication - No active profile set, falling back to default profiles: default
2022-01-16 16:46:07.989 [main] INFO  o.s.boot.web.embedded.tomcat.TomcatWebServer - Tomcat initialized with port(s): 9999 (http)
2022-01-16 16:46:07.996 [main] INFO  org.apache.coyote.http11.Http11NioProtocol - Initializing ProtocolHandler ["http-nio-9999"]
2022-01-16 16:46:07.997 [main] INFO  org.apache.catalina.core.StandardService - Starting service [Tomcat]
2022-01-16 16:46:07.997 [main] INFO  org.apache.catalina.core.StandardEngine - Starting Servlet engine: [Apache Tomcat/9.0.56]
2022-01-16 16:46:08.047 [main] INFO  o.a.c.core.ContainerBase.[Tomcat].[localhost].[/] - Initializing Spring embedded WebApplicationContext
2022-01-16 16:46:08.047 [main] INFO  o.s.b.w.s.c.ServletWebServerApplicationContext - Root WebApplicationContext: initialization completed in 647 ms
2022-01-16 16:46:08.264 [main] INFO  org.apache.coyote.http11.Http11NioProtocol - Starting ProtocolHandler ["http-nio-9999"]
2022-01-16 16:46:08.288 [main] INFO  o.s.boot.web.embedded.tomcat.TomcatWebServer - Tomcat started on port(s): 9999 (http) with context path ''
2022-01-16 16:46:08.296 [main] INFO  com.LogbackdemoApplication - Started com.LogbackdemoApplication in 1.303 seconds (JVM running for 1.729)
2022-01-16 16:49:23.882 [main] INFO  com.LogbackdemoApplication - Starting com.LogbackdemoApplication using Java 1.8.0_301 on yingtao with PID 10263 (/Users/yingtaowang/Documents/个人/code/wyt/logbackdemo/target/classes started by yingtaowang in /Users/yingtaowang/Documents/个人/code/wyt/logbackdemo)
2022-01-16 16:49:23.884 [main] INFO  com.LogbackdemoApplication - No active profile set, falling back to default profiles: default
2022-01-16 16:49:24.445 [main] INFO  o.s.boot.web.embedded.tomcat.TomcatWebServer - Tomcat initialized with port(s): 9999 (http)
2022-01-16 16:49:24.451 [main] INFO  org.apache.coyote.http11.Http11NioProtocol - Initializing ProtocolHandler ["http-nio-9999"]
2022-01-16 16:49:24.452 [main] INFO  org.apache.catalina.core.StandardService - Starting service [Tomcat]
2022-01-16 16:49:24.452 [main] INFO  org.apache.catalina.core.StandardEngine - Starting Servlet engine: [Apache Tomcat/9.0.56]
2022-01-16 16:49:24.496 [main] INFO  o.a.c.core.ContainerBase.[Tomcat].[localhost].[/] - Initializing Spring embedded WebApplicationContext
2022-01-16 16:49:24.497 [main] INFO  o.s.b.w.s.c.ServletWebServerApplicationContext - Root WebApplicationContext: initialization completed in 580 ms
2022-01-16 16:49:24.716 [main] INFO  org.apache.coyote.http11.Http11NioProtocol - Starting ProtocolHandler ["http-nio-9999"]
2022-01-16 16:49:24.741 [main] INFO  o.s.boot.web.embedded.tomcat.TomcatWebServer - Tomcat started on port(s): 9999 (http) with context path ''
2022-01-16 16:49:24.749 [main] INFO  com.LogbackdemoApplication - Started com.LogbackdemoApplication in 1.2 seconds (JVM running for 1.562)
2022-01-16 16:49:24.751 [main] INFO  c.e.logbackdemo.com.spring.evevt.MyEventPublisher - 开始发布自定义事件MyEvent
2022-01-16 16:49:24.751 [main] INFO  c.e.l.com.spring.evevt.MyAnnotationEventListener - 收到自定义事件MyEvent -- MyAnnotationEventListener
2022-01-16 16:49:24.751 [main] INFO  c.e.logbackdemo.com.spring.evevt.MyEventPublisher - 自定义事件myevent发布完成
2022-01-16 16:49:59.323 [main] INFO  com.LogbackdemoApplication - Starting com.LogbackdemoApplication using Java 1.8.0_301 on yingtao with PID 10267 (/Users/yingtaowang/Documents/个人/code/wyt/logbackdemo/target/classes started by yingtaowang in /Users/yingtaowang/Documents/个人/code/wyt/logbackdemo)
2022-01-16 16:49:59.325 [main] INFO  com.LogbackdemoApplication - No active profile set, falling back to default profiles: default
2022-01-16 16:49:59.969 [main] INFO  o.s.boot.web.embedded.tomcat.TomcatWebServer - Tomcat initialized with port(s): 9999 (http)
2022-01-16 16:49:59.976 [main] INFO  org.apache.coyote.http11.Http11NioProtocol - Initializing ProtocolHandler ["http-nio-9999"]
2022-01-16 16:49:59.977 [main] INFO  org.apache.catalina.core.StandardService - Starting service [Tomcat]
2022-01-16 16:49:59.977 [main] INFO  org.apache.catalina.core.StandardEngine - Starting Servlet engine: [Apache Tomcat/9.0.56]
2022-01-16 16:50:00.027 [main] INFO  o.a.c.core.ContainerBase.[Tomcat].[localhost].[/] - Initializing Spring embedded WebApplicationContext
2022-01-16 16:50:00.027 [main] INFO  o.s.b.w.s.c.ServletWebServerApplicationContext - Root WebApplicationContext: initialization completed in 665 ms
2022-01-16 16:50:00.296 [main] INFO  org.apache.coyote.http11.Http11NioProtocol - Starting ProtocolHandler ["http-nio-9999"]
2022-01-16 16:50:00.313 [main] INFO  o.s.boot.web.embedded.tomcat.TomcatWebServer - Tomcat started on port(s): 9999 (http) with context path ''
2022-01-16 16:50:00.321 [main] INFO  com.LogbackdemoApplication - Started com.LogbackdemoApplication in 1.447 seconds (JVM running for 2.639)
2022-01-16 16:50:00.324 [main] INFO  c.e.logbackdemo.com.spring.evevt.MyEventPublisher - 开始发布自定义事件MyEvent
2022-01-16 16:55:39.973 [main] INFO  c.e.l.com.spring.evevt.MyAnnotationEventListener - 收到自定义事件MyEvent -- MyAnnotationEventListener
2022-01-16 16:57:16.347 [main] INFO  c.e.logbackdemo.com.spring.evevt.MyEventPublisher - 自定义事件myevent发布完成
2022-01-16 16:57:29.114 [main] INFO  com.LogbackdemoApplication - Starting com.LogbackdemoApplication using Java 1.8.0_301 on yingtao with PID 10311 (/Users/yingtaowang/Documents/个人/code/wyt/logbackdemo/target/classes started by yingtaowang in /Users/yingtaowang/Documents/个人/code/wyt/logbackdemo)
2022-01-16 16:57:29.122 [main] INFO  com.LogbackdemoApplication - No active profile set, falling back to default profiles: default
2022-01-16 17:03:28.338 [main] INFO  o.s.boot.web.embedded.tomcat.TomcatWebServer - Tomcat initialized with port(s): 9999 (http)
2022-01-16 17:03:28.346 [main] INFO  org.apache.coyote.http11.Http11NioProtocol - Initializing ProtocolHandler ["http-nio-9999"]
2022-01-16 17:03:28.346 [main] INFO  org.apache.catalina.core.StandardService - Starting service [Tomcat]
2022-01-16 17:03:28.346 [main] INFO  org.apache.catalina.core.StandardEngine - Starting Servlet engine: [Apache Tomcat/9.0.56]
2022-01-16 17:03:28.397 [main] INFO  o.a.c.core.ContainerBase.[Tomcat].[localhost].[/] - Initializing Spring embedded WebApplicationContext
2022-01-16 17:03:28.397 [main] INFO  o.s.b.w.s.c.ServletWebServerApplicationContext - Root WebApplicationContext: initialization completed in 359027 ms
2022-01-16 17:03:28.672 [main] INFO  org.apache.coyote.http11.Http11NioProtocol - Starting ProtocolHandler ["http-nio-9999"]
2022-01-16 17:03:28.690 [main] INFO  o.s.boot.web.embedded.tomcat.TomcatWebServer - Tomcat started on port(s): 9999 (http) with context path ''
2022-01-16 17:03:28.698 [main] INFO  com.LogbackdemoApplication - Started com.LogbackdemoApplication in 360.17 seconds (JVM running for 360.749)
2022-01-16 17:03:28.700 [main] INFO  c.e.logbackdemo.com.spring.evevt.MyEventPublisher - 开始发布自定义事件MyEvent
2022-01-16 17:03:28.701 [main] INFO  c.e.l.com.spring.evevt.MyAnnotationEventListener - 收到自定义事件MyEvent -- MyAnnotationEventListener
2022-01-16 17:03:28.701 [main] INFO  c.e.logbackdemo.com.spring.evevt.MyEventPublisher - 自定义事件myevent发布完成
2022-01-16 17:04:05.714 [main] INFO  com.LogbackdemoApplication - Starting com.LogbackdemoApplication using Java 1.8.0_301 on yingtao with PID 10392 (/Users/yingtaowang/Documents/个人/code/wyt/logbackdemo/target/classes started by yingtaowang in /Users/yingtaowang/Documents/个人/code/wyt/logbackdemo)
2022-01-16 17:04:05.716 [main] INFO  com.LogbackdemoApplication - No active profile set, falling back to default profiles: default
2022-01-16 17:04:06.387 [main] INFO  o.s.boot.web.embedded.tomcat.TomcatWebServer - Tomcat initialized with port(s): 9999 (http)
2022-01-16 17:04:06.394 [main] INFO  org.apache.coyote.http11.Http11NioProtocol - Initializing ProtocolHandler ["http-nio-9999"]
2022-01-16 17:04:06.394 [main] INFO  org.apache.catalina.core.StandardService - Starting service [Tomcat]
2022-01-16 17:04:06.395 [main] INFO  org.apache.catalina.core.StandardEngine - Starting Servlet engine: [Apache Tomcat/9.0.56]
2022-01-16 17:04:06.441 [main] INFO  o.a.c.core.ContainerBase.[Tomcat].[localhost].[/] - Initializing Spring embedded WebApplicationContext
2022-01-16 17:04:06.441 [main] INFO  o.s.b.w.s.c.ServletWebServerApplicationContext - Root WebApplicationContext: initialization completed in 687 ms
2022-01-16 17:04:06.719 [main] INFO  org.apache.coyote.http11.Http11NioProtocol - Starting ProtocolHandler ["http-nio-9999"]
2022-01-16 17:04:06.736 [main] INFO  o.s.boot.web.embedded.tomcat.TomcatWebServer - Tomcat started on port(s): 9999 (http) with context path ''
2022-01-16 17:04:06.744 [main] INFO  com.LogbackdemoApplication - Started com.LogbackdemoApplication in 1.443 seconds (JVM running for 1.917)
2022-01-16 17:04:06.746 [main] INFO  c.e.logbackdemo.com.spring.evevt.MyEventPublisher - 开始发布自定义事件MyEvent
2022-01-16 17:04:06.749 [main] INFO  c.e.logbackdemo.com.spring.evevt.MyEventPublisher - 自定义事件myevent发布完成
2022-01-16 17:04:06.757 [task-1] INFO  c.e.l.com.spring.evevt.MyAnnotationEventListener - 收到自定义事件MyEvent -- MyAnnotationEventListener
2022-01-16 17:07:51.934 [main] INFO  com.LogbackdemoApplication - Starting com.LogbackdemoApplication using Java 1.8.0_301 on yingtao with PID 10419 (/Users/yingtaowang/Documents/个人/code/wyt/logbackdemo/target/classes started by yingtaowang in /Users/yingtaowang/Documents/个人/code/wyt/logbackdemo)
2022-01-16 17:07:51.936 [main] INFO  com.LogbackdemoApplication - No active profile set, falling back to default profiles: default
2022-01-16 17:07:52.572 [main] INFO  o.s.boot.web.embedded.tomcat.TomcatWebServer - Tomcat initialized with port(s): 9999 (http)
2022-01-16 17:07:52.580 [main] INFO  org.apache.coyote.http11.Http11NioProtocol - Initializing ProtocolHandler ["http-nio-9999"]
2022-01-16 17:07:52.580 [main] INFO  org.apache.catalina.core.StandardService - Starting service [Tomcat]
2022-01-16 17:07:52.581 [main] INFO  org.apache.catalina.core.StandardEngine - Starting Servlet engine: [Apache Tomcat/9.0.56]
2022-01-16 17:07:52.629 [main] INFO  o.a.c.core.ContainerBase.[Tomcat].[localhost].[/] - Initializing Spring embedded WebApplicationContext
2022-01-16 17:07:52.629 [main] INFO  o.s.b.w.s.c.ServletWebServerApplicationContext - Root WebApplicationContext: initialization completed in 656 ms
2022-01-16 17:07:52.876 [main] INFO  org.apache.coyote.http11.Http11NioProtocol - Starting ProtocolHandler ["http-nio-9999"]
2022-01-16 17:07:52.895 [main] INFO  o.s.boot.web.embedded.tomcat.TomcatWebServer - Tomcat started on port(s): 9999 (http) with context path ''
2022-01-16 17:07:52.901 [main] INFO  com.LogbackdemoApplication - Started com.LogbackdemoApplication in 1.372 seconds (JVM running for 1.861)
2022-01-16 17:07:52.904 [main] INFO  c.e.logbackdemo.com.spring.evevt.MyEventPublisher - 开始发布自定义事件MyEvent
2022-01-16 17:07:52.904 [main] INFO  c.e.logbackdemo.com.spring.evevt.MyEventPublisher - 自定义事件myevent发布完成
2022-01-16 17:07:52.904 [SimpleAsyncTaskExecutor-19] INFO  c.e.l.com.spring.evevt.MyAnnotationEventListener - 收到自定义事件MyEvent -- MyAnnotationEventListener
2022-01-16 17:09:51.664 [main] INFO  com.LogbackdemoApplication - Starting com.LogbackdemoApplication using Java 1.8.0_301 on yingtao with PID 10440 (/Users/yingtaowang/Documents/个人/code/wyt/logbackdemo/target/classes started by yingtaowang in /Users/yingtaowang/Documents/个人/code/wyt/logbackdemo)
2022-01-16 17:09:51.666 [main] INFO  com.LogbackdemoApplication - No active profile set, falling back to default profiles: default
2022-01-16 17:09:52.312 [main] INFO  o.s.boot.web.embedded.tomcat.TomcatWebServer - Tomcat initialized with port(s): 9999 (http)
2022-01-16 17:09:52.319 [main] INFO  org.apache.coyote.http11.Http11NioProtocol - Initializing ProtocolHandler ["http-nio-9999"]
2022-01-16 17:09:52.320 [main] INFO  org.apache.catalina.core.StandardService - Starting service [Tomcat]
2022-01-16 17:09:52.320 [main] INFO  org.apache.catalina.core.StandardEngine - Starting Servlet engine: [Apache Tomcat/9.0.56]
2022-01-16 17:09:52.366 [main] INFO  o.a.c.core.ContainerBase.[Tomcat].[localhost].[/] - Initializing Spring embedded WebApplicationContext
2022-01-16 17:09:52.366 [main] INFO  o.s.b.w.s.c.ServletWebServerApplicationContext - Root WebApplicationContext: initialization completed in 663 ms
2022-01-16 17:09:52.606 [main] INFO  org.apache.coyote.http11.Http11NioProtocol - Starting ProtocolHandler ["http-nio-9999"]
2022-01-16 17:09:52.623 [main] INFO  o.s.boot.web.embedded.tomcat.TomcatWebServer - Tomcat started on port(s): 9999 (http) with context path ''
2022-01-16 17:09:52.625 [SimpleAsyncTaskExecutor-4] INFO  c.e.logbackdemo.com.spring.evevt.MyEventListener - 收到自定义事件
2022-01-16 17:09:52.626 [SimpleAsyncTaskExecutor-9] INFO  c.e.logbackdemo.com.spring.evevt.MyEventListener - 收到自定义事件
2022-01-16 17:09:52.628 [main] INFO  com.LogbackdemoApplication - Started com.LogbackdemoApplication in 1.356 seconds (JVM running for 1.812)
2022-01-16 17:09:52.629 [SimpleAsyncTaskExecutor-13] INFO  c.e.logbackdemo.com.spring.evevt.MyEventListener - 收到自定义事件
2022-01-16 17:09:52.630 [SimpleAsyncTaskExecutor-15] INFO  c.e.logbackdemo.com.spring.evevt.MyEventListener - 收到自定义事件
2022-01-16 17:09:52.631 [SimpleAsyncTaskExecutor-20] INFO  c.e.logbackdemo.com.spring.evevt.MyEventListener - 收到自定义事件
2022-01-16 17:09:52.632 [SimpleAsyncTaskExecutor-22] INFO  c.e.logbackdemo.com.spring.evevt.MyEventListener - 收到自定义事件
2022-01-16 17:09:52.632 [main] INFO  c.e.logbackdemo.com.spring.evevt.MyEventPublisher - 开始发布自定义事件MyEvent
2022-01-16 17:09:52.632 [SimpleAsyncTaskExecutor-25] INFO  c.e.logbackdemo.com.spring.evevt.MyEventListener - 收到自定义事件
2022-01-16 17:09:52.632 [main] INFO  c.e.logbackdemo.com.spring.evevt.MyEventPublisher - 自定义事件myevent发布完成
2022-01-16 17:09:52.632 [SimpleAsyncTaskExecutor-26] INFO  c.e.l.com.spring.evevt.MyAnnotationEventListener - 收到自定义事件MyEvent -- MyAnnotationEventListener
2022-01-16 17:13:21.898 [SimpleAsyncTaskExecutor-28] INFO  c.e.logbackdemo.com.spring.evevt.MyEventListener - 收到自定义事件
2022-01-16 17:13:21.899 [SimpleAsyncTaskExecutor-33] INFO  c.e.logbackdemo.com.spring.evevt.MyEventListener - 收到自定义事件
2022-01-16 17:13:26.076 [main] INFO  com.LogbackdemoApplication - Starting com.LogbackdemoApplication using Java 1.8.0_301 on yingtao with PID 10481 (/Users/yingtaowang/Documents/个人/code/wyt/logbackdemo/target/classes started by yingtaowang in /Users/yingtaowang/Documents/个人/code/wyt/logbackdemo)
2022-01-16 17:13:26.079 [main] INFO  com.LogbackdemoApplication - No active profile set, falling back to default profiles: default
2022-01-16 17:13:26.699 [main] INFO  o.s.boot.web.embedded.tomcat.TomcatWebServer - Tomcat initialized with port(s): 9999 (http)
2022-01-16 17:13:26.707 [main] INFO  org.apache.coyote.http11.Http11NioProtocol - Initializing ProtocolHandler ["http-nio-9999"]
2022-01-16 17:13:26.708 [main] INFO  org.apache.catalina.core.StandardService - Starting service [Tomcat]
2022-01-16 17:13:26.708 [main] INFO  org.apache.catalina.core.StandardEngine - Starting Servlet engine: [Apache Tomcat/9.0.56]
2022-01-16 17:13:26.756 [main] INFO  o.a.c.core.ContainerBase.[Tomcat].[localhost].[/] - Initializing Spring embedded WebApplicationContext
2022-01-16 17:13:26.757 [main] INFO  o.s.b.w.s.c.ServletWebServerApplicationContext - Root WebApplicationContext: initialization completed in 643 ms
2022-01-16 17:13:26.997 [main] INFO  org.apache.coyote.http11.Http11NioProtocol - Starting ProtocolHandler ["http-nio-9999"]
2022-01-16 17:13:27.014 [main] INFO  o.s.boot.web.embedded.tomcat.TomcatWebServer - Tomcat started on port(s): 9999 (http) with context path ''
2022-01-16 17:13:27.016 [SimpleAsyncTaskExecutor-4] INFO  c.e.logbackdemo.com.spring.evevt.MyEventListener - 收到自定义事件
2022-01-16 17:13:27.017 [SimpleAsyncTaskExecutor-9] INFO  c.e.logbackdemo.com.spring.evevt.MyEventListener - 收到自定义事件
2022-01-16 17:13:27.017 [SimpleAsyncTaskExecutor-11] INFO  c.e.l.com.spring.evevt.MyAnnotationEventListener - 监听自定义事件ContextRefreshedEvent
2022-01-16 17:13:27.020 [main] INFO  com.LogbackdemoApplication - Started com.LogbackdemoApplication in 1.387 seconds (JVM running for 1.853)
2022-01-16 17:13:27.021 [SimpleAsyncTaskExecutor-14] INFO  c.e.logbackdemo.com.spring.evevt.MyEventListener - 收到自定义事件
2022-01-16 17:13:27.022 [SimpleAsyncTaskExecutor-16] INFO  c.e.logbackdemo.com.spring.evevt.MyEventListener - 收到自定义事件
2022-01-16 17:13:27.023 [SimpleAsyncTaskExecutor-21] INFO  c.e.logbackdemo.com.spring.evevt.MyEventListener - 收到自定义事件
2022-01-16 17:13:27.024 [SimpleAsyncTaskExecutor-23] INFO  c.e.logbackdemo.com.spring.evevt.MyEventListener - 收到自定义事件
2022-01-16 17:13:27.024 [main] INFO  c.e.logbackdemo.com.spring.evevt.MyEventPublisher - 开始发布自定义事件MyEvent
2022-01-16 17:13:27.024 [SimpleAsyncTaskExecutor-26] INFO  c.e.logbackdemo.com.spring.evevt.MyEventListener - 收到自定义事件
2022-01-16 17:13:27.024 [main] INFO  c.e.logbackdemo.com.spring.evevt.MyEventPublisher - 自定义事件myevent发布完成
2022-01-16 17:13:27.024 [SimpleAsyncTaskExecutor-27] INFO  c.e.l.com.spring.evevt.MyAnnotationEventListener - 监听自定义事件MyEvent
2022-01-16 17:14:55.589 [SimpleAsyncTaskExecutor-29] INFO  c.e.logbackdemo.com.spring.evevt.MyEventListener - 收到自定义事件
2022-01-16 17:14:55.590 [SimpleAsyncTaskExecutor-34] INFO  c.e.logbackdemo.com.spring.evevt.MyEventListener - 收到自定义事件
2022-01-16 17:14:55.590 [SimpleAsyncTaskExecutor-35] INFO  c.e.l.com.spring.evevt.MyAnnotationEventListener - 监听自定义事件ContextClosedEvent
2022-01-16 17:20:15.361 [main] INFO  com.LogbackdemoApplication - Starting com.LogbackdemoApplication using Java 1.8.0_301 on yingtao with PID 10535 (/Users/yingtaowang/Documents/个人/code/wyt/logbackdemo/target/classes started by yingtaowang in /Users/yingtaowang/Documents/个人/code/wyt/logbackdemo)
2022-01-16 17:20:15.364 [main] INFO  com.LogbackdemoApplication - No active profile set, falling back to default profiles: default
2022-01-16 17:20:16.037 [main] INFO  o.s.boot.web.embedded.tomcat.TomcatWebServer - Tomcat initialized with port(s): 9999 (http)
2022-01-16 17:20:16.044 [main] INFO  org.apache.coyote.http11.Http11NioProtocol - Initializing ProtocolHandler ["http-nio-9999"]
2022-01-16 17:20:16.044 [main] INFO  org.apache.catalina.core.StandardService - Starting service [Tomcat]
2022-01-16 17:20:16.044 [main] INFO  org.apache.catalina.core.StandardEngine - Starting Servlet engine: [Apache Tomcat/9.0.56]
2022-01-16 17:20:16.088 [main] INFO  o.a.c.core.ContainerBase.[Tomcat].[localhost].[/] - Initializing Spring embedded WebApplicationContext
2022-01-16 17:20:16.088 [main] INFO  o.s.b.w.s.c.ServletWebServerApplicationContext - Root WebApplicationContext: initialization completed in 686 ms
2022-01-16 17:20:16.326 [main] INFO  org.apache.coyote.http11.Http11NioProtocol - Starting ProtocolHandler ["http-nio-9999"]
2022-01-16 17:20:16.344 [main] INFO  o.s.boot.web.embedded.tomcat.TomcatWebServer - Tomcat started on port(s): 9999 (http) with context path ''
2022-01-16 17:20:16.346 [SimpleAsyncTaskExecutor-4] INFO  c.e.logbackdemo.com.spring.evevt.MyEventListener - 收到自定义事件
2022-01-16 17:20:16.346 [SimpleAsyncTaskExecutor-9] INFO  c.e.logbackdemo.com.spring.evevt.MyEventListener - 收到自定义事件
2022-01-16 17:20:16.349 [main] INFO  com.LogbackdemoApplication - Started com.LogbackdemoApplication in 1.398 seconds (JVM running for 1.877)
2022-01-16 17:20:16.350 [SimpleAsyncTaskExecutor-13] INFO  c.e.logbackdemo.com.spring.evevt.MyEventListener - 收到自定义事件
2022-01-16 17:20:16.351 [SimpleAsyncTaskExecutor-15] INFO  c.e.logbackdemo.com.spring.evevt.MyEventListener - 收到自定义事件
2022-01-16 17:20:16.352 [SimpleAsyncTaskExecutor-20] INFO  c.e.logbackdemo.com.spring.evevt.MyEventListener - 收到自定义事件
2022-01-16 17:20:16.352 [SimpleAsyncTaskExecutor-22] INFO  c.e.logbackdemo.com.spring.evevt.MyEventListener - 收到自定义事件
2022-01-16 17:20:16.353 [main] INFO  c.e.logbackdemo.com.spring.evevt.MyEventPublisher - 开始发布自定义事件MyEvent
2022-01-16 17:20:16.353 [main] INFO  c.e.logbackdemo.com.spring.evevt.MyEventPublisher - 自定义事件myevent发布完成
2022-01-16 17:20:16.353 [SimpleAsyncTaskExecutor-25] INFO  c.e.logbackdemo.com.spring.evevt.MyEventListener - 收到自定义事件
2022-01-16 17:20:16.353 [SimpleAsyncTaskExecutor-26] INFO  c.e.l.com.spring.evevt.MyAnnotationEventListener - 收到自定义事件MyEvent -- MyAnnotationEventListener
2022-01-16 17:20:37.785 [SimpleAsyncTaskExecutor-28] INFO  c.e.logbackdemo.com.spring.evevt.MyEventListener - 收到自定义事件
2022-01-16 17:20:37.787 [SimpleAsyncTaskExecutor-33] INFO  c.e.logbackdemo.com.spring.evevt.MyEventListener - 收到自定义事件
2022-01-16 17:20:42.011 [main] INFO  com.LogbackdemoApplication - Starting com.LogbackdemoApplication using Java 1.8.0_301 on yingtao with PID 10539 (/Users/yingtaowang/Documents/个人/code/wyt/logbackdemo/target/classes started by yingtaowang in /Users/yingtaowang/Documents/个人/code/wyt/logbackdemo)
2022-01-16 17:20:42.013 [main] INFO  com.LogbackdemoApplication - No active profile set, falling back to default profiles: default
2022-01-16 17:20:42.639 [main] INFO  o.s.boot.web.embedded.tomcat.TomcatWebServer - Tomcat initialized with port(s): 9999 (http)
2022-01-16 17:20:42.645 [main] INFO  org.apache.coyote.http11.Http11NioProtocol - Initializing ProtocolHandler ["http-nio-9999"]
2022-01-16 17:20:42.645 [main] INFO  org.apache.catalina.core.StandardService - Starting service [Tomcat]
2022-01-16 17:20:42.645 [main] INFO  org.apache.catalina.core.StandardEngine - Starting Servlet engine: [Apache Tomcat/9.0.56]
2022-01-16 17:20:42.690 [main] INFO  o.a.c.core.ContainerBase.[Tomcat].[localhost].[/] - Initializing Spring embedded WebApplicationContext
2022-01-16 17:20:42.690 [main] INFO  o.s.b.w.s.c.ServletWebServerApplicationContext - Root WebApplicationContext: initialization completed in 639 ms
2022-01-16 17:20:42.922 [main] INFO  org.apache.coyote.http11.Http11NioProtocol - Starting ProtocolHandler ["http-nio-9999"]
2022-01-16 17:20:42.939 [main] INFO  o.s.boot.web.embedded.tomcat.TomcatWebServer - Tomcat started on port(s): 9999 (http) with context path ''
2022-01-16 17:20:42.941 [SimpleAsyncTaskExecutor-4] INFO  c.e.logbackdemo.com.spring.evevt.MyEventListener - 收到自定义事件
2022-01-16 17:20:42.941 [SimpleAsyncTaskExecutor-9] INFO  c.e.logbackdemo.com.spring.evevt.MyEventListener - 收到自定义事件
2022-01-16 17:20:42.941 [SimpleAsyncTaskExecutor-11] INFO  c.e.l.com.spring.evevt.MyAnnotationEventListener1 - 监听自定义事件ContextRefreshedEvent
2022-01-16 17:20:42.944 [main] INFO  com.LogbackdemoApplication - Started com.LogbackdemoApplication in 1.427 seconds (JVM running for 1.958)
2022-01-16 17:20:42.945 [SimpleAsyncTaskExecutor-14] INFO  c.e.logbackdemo.com.spring.evevt.MyEventListener - 收到自定义事件
2022-01-16 17:20:42.946 [SimpleAsyncTaskExecutor-16] INFO  c.e.logbackdemo.com.spring.evevt.MyEventListener - 收到自定义事件
2022-01-16 17:20:42.947 [SimpleAsyncTaskExecutor-21] INFO  c.e.logbackdemo.com.spring.evevt.MyEventListener - 收到自定义事件
2022-01-16 17:20:42.947 [SimpleAsyncTaskExecutor-23] INFO  c.e.logbackdemo.com.spring.evevt.MyEventListener - 收到自定义事件
2022-01-16 17:20:42.947 [main] INFO  c.e.logbackdemo.com.spring.evevt.MyEventPublisher - 开始发布自定义事件MyEvent
2022-01-16 17:20:42.948 [SimpleAsyncTaskExecutor-26] INFO  c.e.logbackdemo.com.spring.evevt.MyEventListener - 收到自定义事件
2022-01-16 17:20:42.948 [main] INFO  c.e.logbackdemo.com.spring.evevt.MyEventPublisher - 自定义事件myevent发布完成
2022-01-16 17:20:42.948 [SimpleAsyncTaskExecutor-27] INFO  c.e.l.com.spring.evevt.MyAnnotationEventListener - 收到自定义事件MyEvent -- MyAnnotationEventListener
2022-01-16 17:20:42.948 [SimpleAsyncTaskExecutor-28] INFO  c.e.l.com.spring.evevt.MyAnnotationEventListener1 - 监听自定义事件MyEvent
2022-01-16 17:21:28.976 [SimpleAsyncTaskExecutor-30] INFO  c.e.logbackdemo.com.spring.evevt.MyEventListener - 收到自定义事件
2022-01-16 17:21:28.978 [SimpleAsyncTaskExecutor-35] INFO  c.e.logbackdemo.com.spring.evevt.MyEventListener - 收到自定义事件
2022-01-16 17:21:28.978 [SimpleAsyncTaskExecutor-36] INFO  c.e.l.com.spring.evevt.MyAnnotationEventListener1 - 监听自定义事件ContextClosedEvent
